GROUP,PACKAGE,CLASS,INSTRUCTION_MISSED,INSTRUCTION_COVERED,BRANCH_MISSED,BRANCH_COVERED,LINE_MISSED,LINE_COVERED,COMPLEXITY_MISSED,COMPLEXITY_COVERED,METHOD_MISSED,METHOD_COVERED
RaveBackend,com.rave.config,ApiConnection,19,62,0,0,9,23,0,4,0,4
RaveBackend,com.rave.config,RaveConstant,0,3,0,0,0,1,0,1,0,1
RaveBackend,com.rave.config,Endpoint,4,152,0,0,2,33,1,11,1,11
RaveBackend,com.rave.config,ApiQuery,0,18,0,0,0,6,0,3,0,3
RaveBackend,com.rave.config,Encryption,30,125,0,2,12,23,1,5,1,4
RaveBackend,com.rave.config,Environment,9,29,0,0,0,3,2,2,2,2
RaveBackend,com.rave.function,SubAccount,15,171,0,0,7,50,4,23,4,23
RaveBackend,com.rave.function,Transfer,11,167,0,0,5,42,3,17,3,17
RaveBackend,com.rave.function,QRCharge,24,227,0,0,12,61,5,25,5,25
RaveBackend,com.rave.function,Charge,25,97,0,0,5,21,1,4,1,4
RaveBackend,com.rave.function,RecurringPayment,69,347,0,0,29,100,17,45,17,45
RaveBackend,com.rave.function,BvnValidation,0,44,0,0,0,8,0,2,0,2
RaveBackend,com.rave.function,CardCharge,76,398,4,2,24,111,12,47,9,47
RaveBackend,com.rave.function,AccountCharge,30,247,0,0,12,67,6,29,6,29
