GROUP,PACKAGE,CLASS,INSTRUCTION_MISSED,INSTRUCTION_COVERED,BRANCH_MISSED,BRANCH_COVERED,LINE_MISSED,LINE_COVERED,COMPLEXITY_MISSED,COMPLEXITY_COVERED,METHOD_MISSED,METHOD_COVERED
rave,com.rave.config,ApiConnection,38,62,0,0,16,23,1,4,1,4
rave,com.rave.config,RaveConstant,0,3,0,0,0,1,0,1,0,1
rave,com.rave.config,Endpoint,4,166,0,0,2,36,1,12,1,12
rave,com.rave.config,ApiQuery,0,18,0,0,0,6,0,3,0,3
rave,com.rave.config,Encryption,30,125,0,2,12,23,1,5,1,4
rave,com.rave.config,Environment,9,29,0,0,0,3,2,2,2,2
rave,com.rave.function,SubAccount,4,193,0,0,2,53,1,24,1,24
rave,com.rave.function,Transfer,0,171,0,0,0,44,0,18,0,18
rave,com.rave.function,QRCharge,16,230,0,0,8,62,4,26,4,26
rave,com.rave.function,Charge,0,97,0,0,0,21,0,4,0,4
rave,com.rave.function,RecurringPayment,21,82,0,0,9,23,6,10,6,10
rave,com.rave.function,BvnValidation,0,44,0,0,0,8,0,2,0,2
rave,com.rave.function,CardCharge,76,412,4,2,24,115,12,49,9,49
rave,com.rave.function,AccountCharge,11,275,0,0,4,76,3,34,3,34
