GROUP,PACKAGE,CLASS,INSTRUCTION_MISSED,INSTRUCTION_COVERED,BRANCH_MISSED,BRANCH_COVERED,LINE_MISSED,LINE_COVERED,COMPLEXITY_MISSED,COMPLEXITY_COVERED,METHOD_MISSED,METHOD_COVERED
rave,com.rave.config,ApiConnection,19,62,0,0,9,23,0,4,0,4
rave,com.rave.config,RaveConstant,0,3,0,0,0,1,0,1,0,1
rave,com.rave.config,Endpoint,4,152,0,0,2,33,1,11,1,11
rave,com.rave.config,ApiQuery,0,18,0,0,0,6,0,3,0,3
rave,com.rave.config,Encryption,30,125,0,2,12,23,1,5,1,4
rave,com.rave.config,Environment,9,29,0,0,0,3,2,2,2,2
rave,com.rave.function,SubAccount,4,171,0,0,2,50,1,23,1,23
rave,com.rave.function,Transfer,0,171,0,0,0,44,0,18,0,18
rave,com.rave.function,QRCharge,16,230,0,0,8,62,4,26,4,26
rave,com.rave.function,Charge,0,97,0,0,0,21,0,4,0,4
rave,com.rave.function,RecurringPayment,57,337,0,0,25,97,16,44,16,44
rave,com.rave.function,BvnValidation,0,44,0,0,0,8,0,2,0,2
rave,com.rave.function,CardCharge,76,398,4,2,24,111,12,47,9,47
rave,com.rave.function,AccountCharge,11,261,0,0,4,72,3,32,3,32
