GROUP,PACKAGE,CLASS,INSTRUCTION_MISSED,INSTRUCTION_COVERED,BRANCH_MISSED,BRANCH_COVERED,LINE_MISSED,LINE_COVERED,COMPLEXITY_MISSED,COMPLEXITY_COVERED,METHOD_MISSED,METHOD_COVERED
RaveBackend,com.rave.config,ApiConnection,19,62,0,0,9,23,0,4,0,4
RaveBackend,com.rave.config,RaveConstant,0,3,0,0,0,1,0,1,0,1
RaveBackend,com.rave.config,Endpoint,8,148,0,0,4,31,2,10,2,10
RaveBackend,com.rave.config,ApiQuery,0,18,0,0,0,6,0,3,0,3
RaveBackend,com.rave.config,Encryption,30,125,0,2,12,23,1,5,1,4
RaveBackend,com.rave.config,Environment,9,29,0,0,0,3,2,2,2,2
RaveBackend,com.rave.function,SubAccount,26,187,0,0,12,54,7,25,7,25
RaveBackend,com.rave.function,Transfer,18,174,0,0,8,44,5,17,5,17
RaveBackend,com.rave.function,QRCharge,34,244,0,0,16,67,8,28,8,28
RaveBackend,com.rave.function,Charge,54,68,0,0,11,15,2,3,2,3
RaveBackend,com.rave.function,RecurringPayment,85,325,0,0,39,90,22,40,22,40
RaveBackend,com.rave.function,BvnValidation,46,44,2,0,11,8,4,2,3,2
RaveBackend,com.rave.function,CardCharge,211,263,6,0,62,73,25,34,22,34
RaveBackend,com.rave.function,AccountCharge,58,194,0,0,19,53,11,23,11,23
